\BOOKMARK [1][-]{Doc-Start}{List of Figures}{}% 1
\BOOKMARK [1][-]{Doc-Start}{List of Tables}{}% 2
\BOOKMARK [1][-]{section.1}{Introduction}{}% 3
\BOOKMARK [1][-]{section.2}{System Overview}{}% 4
\BOOKMARK [2][-]{subsection.2.1}{Driving Requirements and Assumptions}{section.2}% 5
\BOOKMARK [2][-]{subsection.2.2}{Options Considered}{section.2}% 6
\BOOKMARK [2][-]{subsection.2.3}{Spacecraft Overview}{section.2}% 7
\BOOKMARK [2][-]{subsection.2.4}{Mass}{section.2}% 8
\BOOKMARK [2][-]{subsection.2.5}{Power}{section.2}% 9
\BOOKMARK [2][-]{subsection.2.6}{Operations Concept}{section.2}% 10
\BOOKMARK [1][-]{section.3}{Orbit}{}% 11
\BOOKMARK [2][-]{subsection.3.1}{Driving Requirements and Assumptions}{section.3}% 12
\BOOKMARK [2][-]{subsection.3.2}{Options Considered}{section.3}% 13
\BOOKMARK [2][-]{subsection.3.3}{Orbit Baseline and Rational}{section.3}% 14
\BOOKMARK [1][-]{section.4}{Structure}{}% 15
\BOOKMARK [2][-]{subsection.4.1}{Driving Requirements and Assumptions}{section.4}% 16
\BOOKMARK [2][-]{subsection.4.2}{Options Considered}{section.4}% 17
\BOOKMARK [2][-]{subsection.4.3}{Structure Baseline and Rational}{section.4}% 18
\BOOKMARK [1][-]{section.5}{Attitude Control System \(ACS\)}{}% 19
\BOOKMARK [2][-]{subsection.5.1}{Driving Requirements and Assumptions}{section.5}% 20
\BOOKMARK [2][-]{subsection.5.2}{Options Considered}{section.5}% 21
\BOOKMARK [2][-]{subsection.5.3}{ACS Baseline and Rational}{section.5}% 22
\BOOKMARK [1][-]{section.6}{Power}{}% 23
\BOOKMARK [2][-]{subsection.6.1}{Driving Requirements and Assumptions}{section.6}% 24
\BOOKMARK [2][-]{subsection.6.2}{Options Considered}{section.6}% 25
\BOOKMARK [2][-]{subsection.6.3}{Power Baseline and Rational}{section.6}% 26
\BOOKMARK [1][-]{section.7}{Thermal}{}% 27
\BOOKMARK [2][-]{subsection.7.1}{Driving Requirements and Assumptions}{section.7}% 28
\BOOKMARK [2][-]{subsection.7.2}{Options Considered}{section.7}% 29
\BOOKMARK [2][-]{subsection.7.3}{Thermal Baseline and Rational}{section.7}% 30
\BOOKMARK [1][-]{section.8}{Command and Data Handling \(C\046DH\)}{}% 31
\BOOKMARK [2][-]{subsection.8.1}{Driving Requirements and Assumptions}{section.8}% 32
\BOOKMARK [2][-]{subsection.8.2}{Options Considered}{section.8}% 33
\BOOKMARK [2][-]{subsection.8.3}{C\046DH Baseline and Rational}{section.8}% 34
\BOOKMARK [1][-]{section.9}{Propulsion}{}% 35
\BOOKMARK [2][-]{subsection.9.1}{Driving Requirements and Assumptions}{section.9}% 36
\BOOKMARK [2][-]{subsection.9.2}{Options Considered}{section.9}% 37
\BOOKMARK [2][-]{subsection.9.3}{Propulsion Baseline and Rational}{section.9}% 38
\BOOKMARK [1][-]{section.10}{Communications}{}% 39
\BOOKMARK [2][-]{subsection.10.1}{Driving Requirements and Assumptions}{section.10}% 40
\BOOKMARK [2][-]{subsection.10.2}{Options Considered}{section.10}% 41
\BOOKMARK [2][-]{subsection.10.3}{Communications Baseline and Rational}{section.10}% 42
\BOOKMARK [1][-]{section.11}{Software}{}% 43
\BOOKMARK [2][-]{subsection.11.1}{Driving Requirements and Assumptions}{section.11}% 44
\BOOKMARK [2][-]{subsection.11.2}{Options Considered}{section.11}% 45
\BOOKMARK [2][-]{subsection.11.3}{Software Baseline and Rational}{section.11}% 46
\BOOKMARK [1][-]{section.12}{Space Environment Impact on Design}{}% 47
\BOOKMARK [1][-]{section.13}{Launch Vehicle Selection}{}% 48
\BOOKMARK [1][-]{section.14}{Risks}{}% 49
\BOOKMARK [1][-]{section.15}{Conclusion}{}% 50
\BOOKMARK [1][-]{section.16}{Lessons Learned}{}% 51
